The following modules were not unloaded:
  (Use "module --force purge" to unload all):

  1) slurm/23.02.6

Remove all packages in environment /gpfs01/home/ppytr13/.conda/envs/nlp:


## Package Plan ##

  environment location: /gpfs01/home/ppytr13/.conda/envs/nlp


The following packages will be REMOVED:

  _libgcc_mutex-0.1-conda_forge
  _openmp_mutex-4.5-2_gnu
  accelerate-1.7.0-pyhe01879c_0
  brotli-python-1.1.0-py310hf71b8c6_2
  bzip2-1.0.8-h4bc722e_7
  ca-certificates-2025.4.26-hbd8a1cb_0
  certifi-2025.4.26-pyhd8ed1ab_0
  cffi-1.17.1-py310h8deb56e_0
  charset-normalizer-3.4.2-pyhd8ed1ab_0
  colorama-0.4.6-pyhd8ed1ab_1
  filelock-3.18.0-pyhd8ed1ab_0
  fsspec-2025.5.1-pyhd8ed1ab_0
  h2-4.2.0-pyhd8ed1ab_0
  hpack-4.1.0-pyhd8ed1ab_0
  huggingface_hub-0.31.4-pyhd8ed1ab_0
  hyperframe-6.1.0-pyhd8ed1ab_0
  idna-3.10-pyhd8ed1ab_1
  jinja2-3.1.6-pyhd8ed1ab_0
  ld_impl_linux-64-2.43-h712a8e2_4
  libabseil-20240722.0-cxx17_hbbce691_4
  libblas-3.9.0-31_h59b9bed_openblas
  libcblas-3.9.0-31_he106b2a_openblas
  libexpat-2.7.0-h5888daf_0
  libffi-3.4.6-h2dba641_1
  libgcc-15.1.0-h767d61c_2
  libgcc-ng-15.1.0-h69a702a_2
  libgfortran-15.1.0-h69a702a_2
  libgfortran5-15.1.0-hcea5267_2
  libgomp-15.1.0-h767d61c_2
  liblapack-3.9.0-31_h7ac8fdf_openblas
  liblzma-5.8.1-hb9d3cd8_1
  liblzma-devel-5.8.1-hb9d3cd8_1
  libnsl-2.0.1-hd590300_0
  libopenblas-0.3.29-pthreads_h94d23a6_0
  libprotobuf-5.28.3-h6128344_1
  libsqlite-3.49.2-hee588c1_0
  libstdcxx-15.1.0-h8f9b012_2
  libstdcxx-ng-15.1.0-h4852527_2
  libtorch-2.6.0-cpu_generic_haed06de_0
  libuuid-2.38.1-h0b41bf4_0
  libuv-1.51.0-hb9d3cd8_0
  libxcrypt-4.4.36-hd590300_1
  libzlib-1.3.1-hb9d3cd8_2
  markupsafe-3.0.2-py310h89163eb_1
  mpmath-1.3.0-pyhd8ed1ab_1
  ncurses-6.5-h2d0b736_3
  networkx-3.4.2-pyh267e887_2
  nomkl-1.0-h5ca1d4c_0
  numpy-2.2.6-py310hefbff90_0
  openssl-3.5.0-h7b32b05_1
  optree-0.15.0-py310h3788b33_0
  packaging-25.0-pyh29332c3_1
  pip-25.1.1-pyh8b19718_0
  psutil-7.0.0-py310ha75aee5_0
  pybind11-2.13.6-pyhc790b64_3
  pybind11-global-2.13.6-pyh217bc35_3
  pycparser-2.22-pyh29332c3_1
  pysocks-1.7.1-pyha55dd90_7
  python-3.10.17-hd6af730_0_cpython
  python_abi-3.10-6_cp310
  pytorch-2.6.0-cpu_generic_py310_hb0ad038_0
  pyyaml-6.0.2-py310h89163eb_2
  readline-8.2-h8c095d6_2
  requests-2.32.3-pyhd8ed1ab_1
  safetensors-0.5.3-py310h505e2c1_0
  scipy-1.15.2-py310h1d65ade_0
  setuptools-80.8.0-pyhff2d567_0
  sleef-3.8-h1b44611_0
  sympy-1.14.0-pyh04b8f61_5
  tk-8.6.13-noxft_hd72426e_102
  tqdm-4.67.1-pyhd8ed1ab_1
  typing-extensions-4.13.2-h0e9735f_0
  typing_extensions-4.13.2-pyh29332c3_0
  tzdata-2025b-h78e105d_0
  urllib3-2.4.0-pyhd8ed1ab_0
  wheel-0.45.1-pyhd8ed1ab_1
  xz-5.8.1-hbcc6ac9_1
  xz-gpl-tools-5.8.1-hbcc6ac9_1
  xz-tools-5.8.1-hb9d3cd8_1
  yaml-0.2.5-h7f98852_2
  zstandard-0.23.0-py310ha75aee5_2


Preparing transaction: ...working... done
Verifying transaction: ...working... done
Executing transaction: ...working... done
Retrieving notices: ...working... done
Collecting package metadata (repodata.json): ...working... done
Solving environment: ...working... done


==> WARNING: A newer version of conda exists. <==
  current version: 23.7.4
  latest version: 25.5.0

Please update conda by running

    $ conda update -n base -c defaults conda

Or to minimize the number of packages updated during conda update use

     conda install conda=25.5.0


WARNING conda.gateways.disk.delete:unlink_or_rename_to_trash(188): Could not remove or rename /gpfs01/software/easybuild-ada-uon/software/Anaconda3/2023.09-0/pkgs/_libgcc_mutex-0.1-conda_forge.tar.bz2.  Please remove this file manually (you may need to reboot to free file handles)
WARNING conda.gateways.disk.delete:unlink_or_rename_to_trash(188): Could not remove or rename /gpfs01/software/easybuild-ada-uon/software/Anaconda3/2023.09-0/pkgs/_openmp_mutex-4.5-2_gnu.tar.bz2.  Please remove this file manually (you may need to reboot to free file handles)
WARNING conda.gateways.disk.delete:unlink_or_rename_to_trash(188): Could not remove or rename /gpfs01/software/easybuild-ada-uon/software/Anaconda3/2023.09-0/pkgs/binutils_impl_linux-64-2.40-ha885e6a_0.conda.  Please remove this file manually (you may need to reboot to free file handles)
WARNING conda.gateways.disk.delete:unlink_or_rename_to_trash(188): Could not remove or rename /gpfs01/software/easybuild-ada-uon/software/Anaconda3/2023.09-0/pkgs/bzip2-1.0.8-h4bc722e_7.conda.  Please remove this file manually (you may need to reboot to free file handles)
WARNING conda.gateways.disk.delete:unlink_or_rename_to_trash(188): Could not remove or rename /gpfs01/software/easybuild-ada-uon/software/Anaconda3/2023.09-0/pkgs/bzip2-1.0.8-hd590300_5.conda.  Please remove this file manually (you may need to reboot to free file handles)
WARNING conda.gateways.disk.delete:unlink_or_rename_to_trash(188): Could not remove or rename /gpfs01/software/easybuild-ada-uon/software/Anaconda3/2023.09-0/pkgs/c-ares-1.28.1-hd590300_0.conda.  Please remove this file manually (you may need to reboot to free file handles)
WARNING conda.gateways.disk.delete:unlink_or_rename_to_trash(188): Could not remove or rename /gpfs01/software/easybuild-ada-uon/software/Anaconda3/2023.09-0/pkgs/ca-certificates-2024.2.2-hbcca054_0.conda.  Please remove this file manually (you may need to reboot to free file handles)
WARNING conda.gateways.disk.delete:unlink_or_rename_to_trash(188): Could not remove or rename /gpfs01/software/easybuild-ada-uon/software/Anaconda3/2023.09-0/pkgs/ca-certificates-2024.8.30-hbcca054_0.conda.  Please remove this file manually (you may need to reboot to free file handles)
WARNING conda.gateways.disk.delete:unlink_or_rename_to_trash(188): Could not remove or rename /gpfs01/software/easybuild-ada-uon/software/Anaconda3/2023.09-0/pkgs/gcc-13.2.0-hc7bed06_6.conda.  Please remove this file manually (you may need to reboot to free file handles)
WARNING conda.gateways.disk.delete:unlink_or_rename_to_trash(188): Could not remove or rename /gpfs01/software/easybuild-ada-uon/software/Anaconda3/2023.09-0/pkgs/gcc_impl_linux-64-13.2.0-h1d3d475_6.conda.  Please remove this file manually (you may need to reboot to free file handles)
WARNING conda.gateways.disk.delete:unlink_or_rename_to_trash(188): Could not remove or rename /gpfs01/software/easybuild-ada-uon/software/Anaconda3/2023.09-0/pkgs/hyphy-2.5.60-h0705fce_1.tar.bz2.  Please remove this file manually (you may need to reboot to free file handles)
WARNING conda.gateways.disk.delete:unlink_or_rename_to_trash(188): Could not remove or rename /gpfs01/software/easybuild-ada-uon/software/Anaconda3/2023.09-0/pkgs/kernel-headers_linux-64-2.6.32-he073ed8_17.conda.  Please remove this file manually (you may need to reboot to free file handles)
WARNING conda.gateways.disk.delete:unlink_or_rename_to_trash(188): Could not remove or rename /gpfs01/software/easybuild-ada-uon/software/Anaconda3/2023.09-0/pkgs/keyutils-1.6.1-h166bdaf_0.tar.bz2.  Please remove this file manually (you may need to reboot to free file handles)
WARNING conda.gateways.disk.delete:unlink_or_rename_to_trash(188): Could not remove or rename /gpfs01/software/easybuild-ada-uon/software/Anaconda3/2023.09-0/pkgs/krb5-1.21.2-h659d440_0.conda.  Please remove this file manually (you may need to reboot to free file handles)
WARNING conda.gateways.disk.delete:unlink_or_rename_to_trash(188): Could not remove or rename /gpfs01/software/easybuild-ada-uon/software/Anaconda3/2023.09-0/pkgs/ld_impl_linux-64-2.40-h55db66e_0.conda.  Please remove this file manually (you may need to reboot to free file handles)
WARNING conda.gateways.disk.delete:unlink_or_rename_to_trash(188): Could not remove or rename /gpfs01/software/easybuild-ada-uon/software/Anaconda3/2023.09-0/pkgs/ld_impl_linux-64-2.43-h712a8e2_0.conda.  Please remove this file manually (you may need to reboot to free file handles)
WARNING conda.gateways.disk.delete:unlink_or_rename_to_trash(188): Could not remove or rename /gpfs01/software/easybuild-ada-uon/software/Anaconda3/2023.09-0/pkgs/libcurl-8.7.1-hca28451_0.conda.  Please remove this file manually (you may need to reboot to free file handles)
WARNING conda.gateways.disk.delete:unlink_or_rename_to_trash(188): Could not remove or rename /gpfs01/software/easybuild-ada-uon/software/Anaconda3/2023.09-0/pkgs/libedit-3.1.20191231-he28a2e2_2.tar.bz2.  Please remove this file manually (you may need to reboot to free file handles)
WARNING conda.gateways.disk.delete:unlink_or_rename_to_trash(188): Could not remove or rename /gpfs01/software/easybuild-ada-uon/software/Anaconda3/2023.09-0/pkgs/libev-4.33-hd590300_2.conda.  Please remove this file manually (you may need to reboot to free file handles)
WARNING conda.gateways.disk.delete:unlink_or_rename_to_trash(188): Could not remove or rename /gpfs01/software/easybuild-ada-uon/software/Anaconda3/2023.09-0/pkgs/libexpat-2.6.2-h59595ed_0.conda.  Please remove this file manually (you may need to reboot to free file handles)
WARNING conda.gateways.disk.delete:unlink_or_rename_to_trash(188): Could not remove or rename /gpfs01/software/easybuild-ada-uon/software/Anaconda3/2023.09-0/pkgs/libexpat-2.6.3-h5888daf_0.conda.  Please remove this file manually (you may need to reboot to free file handles)
WARNING conda.gateways.disk.delete:unlink_or_rename_to_trash(188): Could not remove or rename /gpfs01/software/easybuild-ada-uon/software/Anaconda3/2023.09-0/pkgs/libffi-3.4.2-h7f98852_5.tar.bz2.  Please remove this file manually (you may need to reboot to free file handles)
WARNING conda.gateways.disk.delete:unlink_or_rename_to_trash(188): Could not remove or rename /gpfs01/software/easybuild-ada-uon/software/Anaconda3/2023.09-0/pkgs/libffi-3.4.4-h6a678d5_1.conda.  Please remove this file manually (you may need to reboot to free file handles)
WARNING conda.gateways.disk.delete:unlink_or_rename_to_trash(188): Could not remove or rename /gpfs01/software/easybuild-ada-uon/software/Anaconda3/2023.09-0/pkgs/libgcc-14.1.0-h77fa898_1.conda.  Please remove this file manually (you may need to reboot to free file handles)
WARNING conda.gateways.disk.delete:unlink_or_rename_to_trash(188): Could not remove or rename /gpfs01/software/easybuild-ada-uon/software/Anaconda3/2023.09-0/pkgs/libgcc-devel_linux-64-13.2.0-h95c4c6d_106.conda.  Please remove this file manually (you may need to reboot to free file handles)
WARNING conda.gateways.disk.delete:unlink_or_rename_to_trash(188): Could not remove or rename /gpfs01/software/easybuild-ada-uon/software/Anaconda3/2023.09-0/pkgs/libgcc-ng-13.2.0-hc881cc4_6.conda.  Please remove this file manually (you may need to reboot to free file handles)
WARNING conda.gateways.disk.delete:unlink_or_rename_to_trash(188): Could not remove or rename /gpfs01/software/easybuild-ada-uon/software/Anaconda3/2023.09-0/pkgs/libgcc-ng-14.1.0-h69a702a_1.conda.  Please remove this file manually (you may need to reboot to free file handles)
WARNING conda.gateways.disk.delete:unlink_or_rename_to_trash(188): Could not remove or rename /gpfs01/software/easybuild-ada-uon/software/Anaconda3/2023.09-0/pkgs/libgfortran-ng-13.2.0-h69a702a_6.conda.  Please remove this file manually (you may need to reboot to free file handles)
WARNING conda.gateways.disk.delete:unlink_or_rename_to_trash(188): Could not remove or rename /gpfs01/software/easybuild-ada-uon/software/Anaconda3/2023.09-0/pkgs/libgfortran5-13.2.0-h43f5ff8_6.conda.  Please remove this file manually (you may need to reboot to free file handles)
WARNING conda.gateways.disk.delete:unlink_or_rename_to_trash(188): Could not remove or rename /gpfs01/software/easybuild-ada-uon/software/Anaconda3/2023.09-0/pkgs/libgomp-13.2.0-hc881cc4_6.conda.  Please remove this file manually (you may need to reboot to free file handles)
WARNING conda.gateways.disk.delete:unlink_or_rename_to_trash(188): Could not remove or rename /gpfs01/software/easybuild-ada-uon/software/Anaconda3/2023.09-0/pkgs/libgomp-14.1.0-h77fa898_1.conda.  Please remove this file manually (you may need to reboot to free file handles)
WARNING conda.gateways.disk.delete:unlink_or_rename_to_trash(188): Could not remove or rename /gpfs01/software/easybuild-ada-uon/software/Anaconda3/2023.09-0/pkgs/libnghttp2-1.58.0-h47da74e_1.conda.  Please remove this file manually (you may need to reboot to free file handles)
WARNING conda.gateways.disk.delete:unlink_or_rename_to_trash(188): Could not remove or rename /gpfs01/software/easybuild-ada-uon/software/Anaconda3/2023.09-0/pkgs/libnsl-2.0.1-hd590300_0.conda.  Please remove this file manually (you may need to reboot to free file handles)
WARNING conda.gateways.disk.delete:unlink_or_rename_to_trash(188): Could not remove or rename /gpfs01/software/easybuild-ada-uon/software/Anaconda3/2023.09-0/pkgs/libsanitizer-13.2.0-h95c4c6d_6.conda.  Please remove this file manually (you may need to reboot to free file handles)
WARNING conda.gateways.disk.delete:unlink_or_rename_to_trash(188): Could not remove or rename /gpfs01/software/easybuild-ada-uon/software/Anaconda3/2023.09-0/pkgs/libsqlite-3.45.3-h2797004_0.conda.  Please remove this file manually (you may need to reboot to free file handles)
WARNING conda.gateways.disk.delete:unlink_or_rename_to_trash(188): Could not remove or rename /gpfs01/software/easybuild-ada-uon/software/Anaconda3/2023.09-0/pkgs/libsqlite-3.46.1-hadc24fc_0.conda.  Please remove this file manually (you may need to reboot to free file handles)
WARNING conda.gateways.disk.delete:unlink_or_rename_to_trash(188): Could not remove or rename /gpfs01/software/easybuild-ada-uon/software/Anaconda3/2023.09-0/pkgs/libssh2-1.11.0-h0841786_0.conda.  Please remove this file manually (you may need to reboot to free file handles)
WARNING conda.gateways.disk.delete:unlink_or_rename_to_trash(188): Could not remove or rename /gpfs01/software/easybuild-ada-uon/software/Anaconda3/2023.09-0/pkgs/libstdcxx-14.1.0-hc0a3c3a_1.conda.  Please remove this file manually (you may need to reboot to free file handles)
WARNING conda.gateways.disk.delete:unlink_or_rename_to_trash(188): Could not remove or rename /gpfs01/software/easybuild-ada-uon/software/Anaconda3/2023.09-0/pkgs/libstdcxx-ng-13.2.0-h95c4c6d_6.conda.  Please remove this file manually (you may need to reboot to free file handles)
WARNING conda.gateways.disk.delete:unlink_or_rename_to_trash(188): Could not remove or rename /gpfs01/software/easybuild-ada-uon/software/Anaconda3/2023.09-0/pkgs/libstdcxx-ng-14.1.0-h4852527_1.conda.  Please remove this file manually (you may need to reboot to free file handles)
WARNING conda.gateways.disk.delete:unlink_or_rename_to_trash(188): Could not remove or rename /gpfs01/software/easybuild-ada-uon/software/Anaconda3/2023.09-0/pkgs/libuuid-2.38.1-h0b41bf4_0.conda.  Please remove this file manually (you may need to reboot to free file handles)
WARNING conda.gateways.disk.delete:unlink_or_rename_to_trash(188): Could not remove or rename /gpfs01/software/easybuild-ada-uon/software/Anaconda3/2023.09-0/pkgs/libxcrypt-4.4.36-hd590300_1.conda.  Please remove this file manually (you may need to reboot to free file handles)
WARNING conda.gateways.disk.delete:unlink_or_rename_to_trash(188): Could not remove or rename /gpfs01/software/easybuild-ada-uon/software/Anaconda3/2023.09-0/pkgs/libzlib-1.2.13-hd590300_5.conda.  Please remove this file manually (you may need to reboot to free file handles)
WARNING conda.gateways.disk.delete:unlink_or_rename_to_trash(188): Could not remove or rename /gpfs01/software/easybuild-ada-uon/software/Anaconda3/2023.09-0/pkgs/libzlib-1.3.1-h4ab18f5_1.conda.  Please remove this file manually (you may need to reboot to free file handles)
WARNING conda.gateways.disk.delete:unlink_or_rename_to_trash(188): Could not remove or rename /gpfs01/software/easybuild-ada-uon/software/Anaconda3/2023.09-0/pkgs/make-4.3-hd18ef5c_1.tar.bz2.  Please remove this file manually (you may need to reboot to free file handles)
WARNING conda.gateways.disk.delete:unlink_or_rename_to_trash(188): Could not remove or rename /gpfs01/software/easybuild-ada-uon/software/Anaconda3/2023.09-0/pkgs/mpi-1.0-openmpi.tar.bz2.  Please remove this file manually (you may need to reboot to free file handles)
WARNING conda.gateways.disk.delete:unlink_or_rename_to_trash(188): Could not remove or rename /gpfs01/software/easybuild-ada-uon/software/Anaconda3/2023.09-0/pkgs/ncurses-6.4.20240210-h59595ed_0.conda.  Please remove this file manually (you may need to reboot to free file handles)
WARNING conda.gateways.disk.delete:unlink_or_rename_to_trash(188): Could not remove or rename /gpfs01/software/easybuild-ada-uon/software/Anaconda3/2023.09-0/pkgs/ncurses-6.5-he02047a_1.conda.  Please remove this file manually (you may need to reboot to free file handles)
WARNING conda.gateways.disk.delete:unlink_or_rename_to_trash(188): Could not remove or rename /gpfs01/software/easybuild-ada-uon/software/Anaconda3/2023.09-0/pkgs/openmpi-4.1.6-hc5af2df_101.conda.  Please remove this file manually (you may need to reboot to free file handles)
WARNING conda.gateways.disk.delete:unlink_or_rename_to_trash(188): Could not remove or rename /gpfs01/software/easybuild-ada-uon/software/Anaconda3/2023.09-0/pkgs/openssl-3.2.1-hd590300_1.conda.  Please remove this file manually (you may need to reboot to free file handles)
WARNING conda.gateways.disk.delete:unlink_or_rename_to_trash(188): Could not remove or rename /gpfs01/software/easybuild-ada-uon/software/Anaconda3/2023.09-0/pkgs/openssl-3.3.2-hb9d3cd8_0.conda.  Please remove this file manually (you may need to reboot to free file handles)
WARNING conda.gateways.disk.delete:unlink_or_rename_to_trash(188): Could not remove or rename /gpfs01/software/easybuild-ada-uon/software/Anaconda3/2023.09-0/pkgs/paml-4.10.7-h031d066_1.tar.bz2.  Please remove this file manually (you may need to reboot to free file handles)
WARNING conda.gateways.disk.delete:unlink_or_rename_to_trash(188): Could not remove or rename /gpfs01/software/easybuild-ada-uon/software/Anaconda3/2023.09-0/pkgs/perl-5.26.2-h36c2ea0_1008.tar.bz2.  Please remove this file manually (you may need to reboot to free file handles)
WARNING conda.gateways.disk.delete:unlink_or_rename_to_trash(188): Could not remove or rename /gpfs01/software/easybuild-ada-uon/software/Anaconda3/2023.09-0/pkgs/perl-app-cpanminus-1.7044-pl526_1.tar.bz2.  Please remove this file manually (you may need to reboot to free file handles)
WARNING conda.gateways.disk.delete:unlink_or_rename_to_trash(188): Could not remove or rename /gpfs01/software/easybuild-ada-uon/software/Anaconda3/2023.09-0/pkgs/perl-file-which-1.23-pl526_0.tar.bz2.  Please remove this file manually (you may need to reboot to free file handles)
WARNING conda.gateways.disk.delete:unlink_or_rename_to_trash(188): Could not remove or rename /gpfs01/software/easybuild-ada-uon/software/Anaconda3/2023.09-0/pkgs/perl-statistics-distributions-1.02-pl526_1.tar.bz2.  Please remove this file manually (you may need to reboot to free file handles)
WARNING conda.gateways.disk.delete:unlink_or_rename_to_trash(188): Could not remove or rename /gpfs01/software/easybuild-ada-uon/software/Anaconda3/2023.09-0/pkgs/pip-24.0-pyhd8ed1ab_0.conda.  Please remove this file manually (you may need to reboot to free file handles)
WARNING conda.gateways.disk.delete:unlink_or_rename_to_trash(188): Could not remove or rename /gpfs01/software/easybuild-ada-uon/software/Anaconda3/2023.09-0/pkgs/pip-24.2-pyh8b19718_1.conda.  Please remove this file manually (you may need to reboot to free file handles)
WARNING conda.gateways.disk.delete:unlink_or_rename_to_trash(188): Could not remove or rename /gpfs01/software/easybuild-ada-uon/software/Anaconda3/2023.09-0/pkgs/python-3.12.3-hab00c5b_0_cpython.conda.  Please remove this file manually (you may need to reboot to free file handles)
WARNING conda.gateways.disk.delete:unlink_or_rename_to_trash(188): Could not remove or rename /gpfs01/software/easybuild-ada-uon/software/Anaconda3/2023.09-0/pkgs/python-3.12.6-hc5c86c4_1_cpython.conda.  Please remove this file manually (you may need to reboot to free file handles)
WARNING conda.gateways.disk.delete:unlink_or_rename_to_trash(188): Could not remove or rename /gpfs01/software/easybuild-ada-uon/software/Anaconda3/2023.09-0/pkgs/readline-8.2-h8228510_1.conda.  Please remove this file manually (you may need to reboot to free file handles)
WARNING conda.gateways.disk.delete:unlink_or_rename_to_trash(188): Could not remove or rename /gpfs01/software/easybuild-ada-uon/software/Anaconda3/2023.09-0/pkgs/setuptools-69.5.1-pyhd8ed1ab_0.conda.  Please remove this file manually (you may need to reboot to free file handles)
WARNING conda.gateways.disk.delete:unlink_or_rename_to_trash(188): Could not remove or rename /gpfs01/software/easybuild-ada-uon/software/Anaconda3/2023.09-0/pkgs/setuptools-75.1.0-pyhd8ed1ab_0.conda.  Please remove this file manually (you may need to reboot to free file handles)
WARNING conda.gateways.disk.delete:unlink_or_rename_to_trash(188): Could not remove or rename /gpfs01/software/easybuild-ada-uon/software/Anaconda3/2023.09-0/pkgs/sysroot_linux-64-2.12-he073ed8_17.conda.  Please remove this file manually (you may need to reboot to free file handles)
WARNING conda.gateways.disk.delete:unlink_or_rename_to_trash(188): Could not remove or rename /gpfs01/software/easybuild-ada-uon/software/Anaconda3/2023.09-0/pkgs/tk-8.6.13-noxft_h4845f30_101.conda.  Please remove this file manually (you may need to reboot to free file handles)
WARNING conda.gateways.disk.delete:unlink_or_rename_to_trash(188): Could not remove or rename /gpfs01/software/easybuild-ada-uon/software/Anaconda3/2023.09-0/pkgs/tzdata-2024a-h0c530f3_0.conda.  Please remove this file manually (you may need to reboot to free file handles)
WARNING conda.gateways.disk.delete:unlink_or_rename_to_trash(188): Could not remove or rename /gpfs01/software/easybuild-ada-uon/software/Anaconda3/2023.09-0/pkgs/tzdata-2024a-h8827d51_1.conda.  Please remove this file manually (you may need to reboot to free file handles)
WARNING conda.gateways.disk.delete:unlink_or_rename_to_trash(188): Could not remove or rename /gpfs01/software/easybuild-ada-uon/software/Anaconda3/2023.09-0/pkgs/wheel-0.43.0-pyhd8ed1ab_1.conda.  Please remove this file manually (you may need to reboot to free file handles)
WARNING conda.gateways.disk.delete:unlink_or_rename_to_trash(188): Could not remove or rename /gpfs01/software/easybuild-ada-uon/software/Anaconda3/2023.09-0/pkgs/wheel-0.44.0-pyhd8ed1ab_0.conda.  Please remove this file manually (you may need to reboot to free file handles)
WARNING conda.gateways.disk.delete:unlink_or_rename_to_trash(188): Could not remove or rename /gpfs01/software/easybuild-ada-uon/software/Anaconda3/2023.09-0/pkgs/xz-5.2.6-h166bdaf_0.tar.bz2.  Please remove this file manually (you may need to reboot to free file handles)
WARNING conda.gateways.disk.delete:unlink_or_rename_to_trash(188): Could not remove or rename /gpfs01/software/easybuild-ada-uon/software/Anaconda3/2023.09-0/pkgs/xz-5.4.6-h5eee18b_1.conda.  Please remove this file manually (you may need to reboot to free file handles)
WARNING conda.gateways.disk.delete:unlink_or_rename_to_trash(188): Could not remove or rename /gpfs01/software/easybuild-ada-uon/software/Anaconda3/2023.09-0/pkgs/zlib-1.2.13-hd590300_5.conda.  Please remove this file manually (you may need to reboot to free file handles)
WARNING conda.gateways.disk.delete:unlink_or_rename_to_trash(188): Could not remove or rename /gpfs01/software/easybuild-ada-uon/software/Anaconda3/2023.09-0/pkgs/zstd-1.5.5-hfc55251_0.conda.  Please remove this file manually (you may need to reboot to free file handles)

Downloading and Extracting Packages
setuptools-80.9.0    | 731 KB    |            |   0% 
libsqlite-3.50.0     | 897 KB    |            |   0% [Asetuptools-80.9.0    | 731 KB    | #5         |  15% 
libsqlite-3.50.0     | 897 KB    | 1          |   2% [A
libsqlite-3.50.0     | 897 KB    | ########## | 100% [Asetuptools-80.9.0    | 731 KB    | ########## | 100% setuptools-80.9.0    | 731 KB    | ########## | 100%                                                      
                                                     [A
Preparing transaction: ...working... done
Verifying transaction: ...working... done
Executing transaction: ...working... done
Installing pip dependencies: ...working... Ran pip subprocess with arguments:
['/gpfs01/home/ppytr13/.conda/envs/nlp/bin/python', '-m', 'pip', 'install', '-U', '-r', '/gpfs01/home/ppytr13/MLiS-Placement-Thesis-1/condaenv.jiszqlrm.requirements.txt', '--exists-action=b']
Pip subprocess output:
Collecting torch (from -r /gpfs01/home/ppytr13/MLiS-Placement-Thesis-1/condaenv.jiszqlrm.requirements.txt (line 1))
  Using cached torch-2.7.0-cp310-cp310-manylinux_2_28_x86_64.whl.metadata (29 kB)
Collecting transformers (from -r /gpfs01/home/ppytr13/MLiS-Placement-Thesis-1/condaenv.jiszqlrm.requirements.txt (line 2))
  Downloading transformers-4.52.4-py3-none-any.whl.metadata (38 kB)
Collecting datasets (from -r /gpfs01/home/ppytr13/MLiS-Placement-Thesis-1/condaenv.jiszqlrm.requirements.txt (line 3))
  Using cached datasets-3.6.0-py3-none-any.whl.metadata (19 kB)
Collecting filelock (from torch->-r /gpfs01/home/ppytr13/MLiS-Placement-Thesis-1/condaenv.jiszqlrm.requirements.txt (line 1))
  Using cached filelock-3.18.0-py3-none-any.whl.metadata (2.9 kB)
Collecting typing-extensions>=4.10.0 (from torch->-r /gpfs01/home/ppytr13/MLiS-Placement-Thesis-1/condaenv.jiszqlrm.requirements.txt (line 1))
  Using cached typing_extensions-4.13.2-py3-none-any.whl.metadata (3.0 kB)
Collecting sympy>=1.13.3 (from torch->-r /gpfs01/home/ppytr13/MLiS-Placement-Thesis-1/condaenv.jiszqlrm.requirements.txt (line 1))
  Using cached sympy-1.14.0-py3-none-any.whl.metadata (12 kB)
Collecting networkx (from torch->-r /gpfs01/home/ppytr13/MLiS-Placement-Thesis-1/condaenv.jiszqlrm.requirements.txt (line 1))
  Using cached networkx-3.4.2-py3-none-any.whl.metadata (6.3 kB)
Collecting jinja2 (from torch->-r /gpfs01/home/ppytr13/MLiS-Placement-Thesis-1/condaenv.jiszqlrm.requirements.txt (line 1))
  Using cached jinja2-3.1.6-py3-none-any.whl.metadata (2.9 kB)
Collecting fsspec (from torch->-r /gpfs01/home/ppytr13/MLiS-Placement-Thesis-1/condaenv.jiszqlrm.requirements.txt (line 1))
  Using cached fsspec-2025.5.1-py3-none-any.whl.metadata (11 kB)
Collecting nvidia-cuda-nvrtc-cu12==12.6.77 (from torch->-r /gpfs01/home/ppytr13/MLiS-Placement-Thesis-1/condaenv.jiszqlrm.requirements.txt (line 1))
  Using cached nvidia_cuda_nvrtc_cu12-12.6.77-py3-none-manylinux2014_x86_64.whl.metadata (1.5 kB)
Collecting nvidia-cuda-runtime-cu12==12.6.77 (from torch->-r /gpfs01/home/ppytr13/MLiS-Placement-Thesis-1/condaenv.jiszqlrm.requirements.txt (line 1))
  Using cached nvidia_cuda_runtime_cu12-12.6.77-py3-none-manylinux2014_x86_64.manylinux_2_17_x86_64.whl.metadata (1.5 kB)
Collecting nvidia-cuda-cupti-cu12==12.6.80 (from torch->-r /gpfs01/home/ppytr13/MLiS-Placement-Thesis-1/condaenv.jiszqlrm.requirements.txt (line 1))
  Using cached nvidia_cuda_cupti_cu12-12.6.80-py3-none-manylinux2014_x86_64.manylinux_2_17_x86_64.whl.metadata (1.6 kB)
Collecting nvidia-cudnn-cu12==9.5.1.17 (from torch->-r /gpfs01/home/ppytr13/MLiS-Placement-Thesis-1/condaenv.jiszqlrm.requirements.txt (line 1))
  Using cached nvidia_cudnn_cu12-9.5.1.17-py3-none-manylinux_2_28_x86_64.whl.metadata (1.6 kB)
Collecting nvidia-cublas-cu12==12.6.4.1 (from torch->-r /gpfs01/home/ppytr13/MLiS-Placement-Thesis-1/condaenv.jiszqlrm.requirements.txt (line 1))
  Using cached nvidia_cublas_cu12-12.6.4.1-py3-none-manylinux2014_x86_64.manylinux_2_17_x86_64.whl.metadata (1.5 kB)
Collecting nvidia-cufft-cu12==11.3.0.4 (from torch->-r /gpfs01/home/ppytr13/MLiS-Placement-Thesis-1/condaenv.jiszqlrm.requirements.txt (line 1))
  Using cached nvidia_cufft_cu12-11.3.0.4-py3-none-manylinux2014_x86_64.manylinux_2_17_x86_64.whl.metadata (1.5 kB)
Collecting nvidia-curand-cu12==10.3.7.77 (from torch->-r /gpfs01/home/ppytr13/MLiS-Placement-Thesis-1/condaenv.jiszqlrm.requirements.txt (line 1))
  Using cached nvidia_curand_cu12-10.3.7.77-py3-none-manylinux2014_x86_64.manylinux_2_17_x86_64.whl.metadata (1.5 kB)
Collecting nvidia-cusolver-cu12==11.7.1.2 (from torch->-r /gpfs01/home/ppytr13/MLiS-Placement-Thesis-1/condaenv.jiszqlrm.requirements.txt (line 1))
  Using cached nvidia_cusolver_cu12-11.7.1.2-py3-none-manylinux2014_x86_64.manylinux_2_17_x86_64.whl.metadata (1.6 kB)
Collecting nvidia-cusparse-cu12==12.5.4.2 (from torch->-r /gpfs01/home/ppytr13/MLiS-Placement-Thesis-1/condaenv.jiszqlrm.requirements.txt (line 1))
  Using cached nvidia_cusparse_cu12-12.5.4.2-py3-none-manylinux2014_x86_64.manylinux_2_17_x86_64.whl.metadata (1.6 kB)
Collecting nvidia-cusparselt-cu12==0.6.3 (from torch->-r /gpfs01/home/ppytr13/MLiS-Placement-Thesis-1/condaenv.jiszqlrm.requirements.txt (line 1))
  Using cached nvidia_cusparselt_cu12-0.6.3-py3-none-manylinux2014_x86_64.whl.metadata (6.8 kB)
Collecting nvidia-nccl-cu12==2.26.2 (from torch->-r /gpfs01/home/ppytr13/MLiS-Placement-Thesis-1/condaenv.jiszqlrm.requirements.txt (line 1))
  Using cached nvidia_nccl_cu12-2.26.2-py3-none-manylinux2014_x86_64.manylinux_2_17_x86_64.whl.metadata (2.0 kB)
Collecting nvidia-nvtx-cu12==12.6.77 (from torch->-r /gpfs01/home/ppytr13/MLiS-Placement-Thesis-1/condaenv.jiszqlrm.requirements.txt (line 1))
  Using cached nvidia_nvtx_cu12-12.6.77-py3-none-manylinux2014_x86_64.manylinux_2_17_x86_64.whl.metadata (1.6 kB)
Collecting nvidia-nvjitlink-cu12==12.6.85 (from torch->-r /gpfs01/home/ppytr13/MLiS-Placement-Thesis-1/condaenv.jiszqlrm.requirements.txt (line 1))
  Using cached nvidia_nvjitlink_cu12-12.6.85-py3-none-manylinux2010_x86_64.manylinux_2_12_x86_64.whl.metadata (1.5 kB)
Collecting nvidia-cufile-cu12==1.11.1.6 (from torch->-r /gpfs01/home/ppytr13/MLiS-Placement-Thesis-1/condaenv.jiszqlrm.requirements.txt (line 1))
  Using cached nvidia_cufile_cu12-1.11.1.6-py3-none-manylinux2014_x86_64.manylinux_2_17_x86_64.whl.metadata (1.5 kB)
Collecting triton==3.3.0 (from torch->-r /gpfs01/home/ppytr13/MLiS-Placement-Thesis-1/condaenv.jiszqlrm.requirements.txt (line 1))
  Using cached triton-3.3.0-cp310-cp310-manylinux_2_27_x86_64.manylinux_2_28_x86_64.whl.metadata (1.5 kB)
Requirement already satisfied: setuptools>=40.8.0 in /gpfs01/home/ppytr13/.conda/envs/nlp/lib/python3.10/site-packages (from triton==3.3.0->torch->-r /gpfs01/home/ppytr13/MLiS-Placement-Thesis-1/condaenv.jiszqlrm.requirements.txt (line 1)) (80.9.0)
Collecting huggingface-hub<1.0,>=0.30.0 (from transformers->-r /gpfs01/home/ppytr13/MLiS-Placement-Thesis-1/condaenv.jiszqlrm.requirements.txt (line 2))
  Downloading huggingface_hub-0.32.3-py3-none-any.whl.metadata (14 kB)
Requirement already satisfied: numpy>=1.17 in /gpfs01/home/ppytr13/.conda/envs/nlp/lib/python3.10/site-packages (from transformers->-r /gpfs01/home/ppytr13/MLiS-Placement-Thesis-1/condaenv.jiszqlrm.requirements.txt (line 2)) (2.2.6)
Collecting packaging>=20.0 (from transformers->-r /gpfs01/home/ppytr13/MLiS-Placement-Thesis-1/condaenv.jiszqlrm.requirements.txt (line 2))
  Using cached packaging-25.0-py3-none-any.whl.metadata (3.3 kB)
Collecting pyyaml>=5.1 (from transformers->-r /gpfs01/home/ppytr13/MLiS-Placement-Thesis-1/condaenv.jiszqlrm.requirements.txt (line 2))
  Using cached PyYAML-6.0.2-cp310-cp310-manylinux_2_17_x86_64.manylinux2014_x86_64.whl.metadata (2.1 kB)
Collecting regex!=2019.12.17 (from transformers->-r /gpfs01/home/ppytr13/MLiS-Placement-Thesis-1/condaenv.jiszqlrm.requirements.txt (line 2))
  Using cached regex-2024.11.6-cp310-cp310-manylinux_2_17_x86_64.manylinux2014_x86_64.whl.metadata (40 kB)
Collecting requests (from transformers->-r /gpfs01/home/ppytr13/MLiS-Placement-Thesis-1/condaenv.jiszqlrm.requirements.txt (line 2))
  Using cached requests-2.32.3-py3-none-any.whl.metadata (4.6 kB)
Collecting tokenizers<0.22,>=0.21 (from transformers->-r /gpfs01/home/ppytr13/MLiS-Placement-Thesis-1/condaenv.jiszqlrm.requirements.txt (line 2))
  Using cached tokenizers-0.21.1-cp39-abi3-manylinux_2_17_x86_64.manylinux2014_x86_64.whl.metadata (6.8 kB)
Collecting safetensors>=0.4.3 (from transformers->-r /gpfs01/home/ppytr13/MLiS-Placement-Thesis-1/condaenv.jiszqlrm.requirements.txt (line 2))
  Using cached safetensors-0.5.3-cp38-abi3-manylinux_2_17_x86_64.manylinux2014_x86_64.whl.metadata (3.8 kB)
Collecting tqdm>=4.27 (from transformers->-r /gpfs01/home/ppytr13/MLiS-Placement-Thesis-1/condaenv.jiszqlrm.requirements.txt (line 2))
  Using cached tqdm-4.67.1-py3-none-any.whl.metadata (57 kB)
Collecting hf-xet<2.0.0,>=1.1.2 (from huggingface-hub<1.0,>=0.30.0->transformers->-r /gpfs01/home/ppytr13/MLiS-Placement-Thesis-1/condaenv.jiszqlrm.requirements.txt (line 2))
  Using cached hf_xet-1.1.2-cp37-abi3-manylinux_2_17_x86_64.manylinux2014_x86_64.whl.metadata (879 bytes)
Collecting pyarrow>=15.0.0 (from datasets->-r /gpfs01/home/ppytr13/MLiS-Placement-Thesis-1/condaenv.jiszqlrm.requirements.txt (line 3))
  Using cached pyarrow-20.0.0-cp310-cp310-manylinux_2_28_x86_64.whl.metadata (3.3 kB)
Collecting dill<0.3.9,>=0.3.0 (from datasets->-r /gpfs01/home/ppytr13/MLiS-Placement-Thesis-1/condaenv.jiszqlrm.requirements.txt (line 3))
  Using cached dill-0.3.8-py3-none-any.whl.metadata (10 kB)
Collecting pandas (from datasets->-r /gpfs01/home/ppytr13/MLiS-Placement-Thesis-1/condaenv.jiszqlrm.requirements.txt (line 3))
  Using cached pandas-2.2.3-cp310-cp310-manylinux_2_17_x86_64.manylinux2014_x86_64.whl.metadata (89 kB)
Collecting xxhash (from datasets->-r /gpfs01/home/ppytr13/MLiS-Placement-Thesis-1/condaenv.jiszqlrm.requirements.txt (line 3))
  Using cached xxhash-3.5.0-cp310-cp310-manylinux_2_17_x86_64.manylinux2014_x86_64.whl.metadata (12 kB)
Collecting multiprocess<0.70.17 (from datasets->-r /gpfs01/home/ppytr13/MLiS-Placement-Thesis-1/condaenv.jiszqlrm.requirements.txt (line 3))
  Using cached multiprocess-0.70.16-py310-none-any.whl.metadata (7.2 kB)
Collecting fsspec (from torch->-r /gpfs01/home/ppytr13/MLiS-Placement-Thesis-1/condaenv.jiszqlrm.requirements.txt (line 1))
  Using cached fsspec-2025.3.0-py3-none-any.whl.metadata (11 kB)
Collecting aiohttp!=4.0.0a0,!=4.0.0a1 (from fsspec[http]<=2025.3.0,>=2023.1.0->datasets->-r /gpfs01/home/ppytr13/MLiS-Placement-Thesis-1/condaenv.jiszqlrm.requirements.txt (line 3))
  Downloading aiohttp-3.12.6-cp310-cp310-manylinux_2_17_x86_64.manylinux2014_x86_64.whl.metadata (7.6 kB)
Collecting aiohappyeyeballs>=2.5.0 (from aiohttp!=4.0.0a0,!=4.0.0a1->fsspec[http]<=2025.3.0,>=2023.1.0->datasets->-r /gpfs01/home/ppytr13/MLiS-Placement-Thesis-1/condaenv.jiszqlrm.requirements.txt (line 3))
  Using cached aiohappyeyeballs-2.6.1-py3-none-any.whl.metadata (5.9 kB)
Collecting aiosignal>=1.1.2 (from aiohttp!=4.0.0a0,!=4.0.0a1->fsspec[http]<=2025.3.0,>=2023.1.0->datasets->-r /gpfs01/home/ppytr13/MLiS-Placement-Thesis-1/condaenv.jiszqlrm.requirements.txt (line 3))
  Using cached aiosignal-1.3.2-py2.py3-none-any.whl.metadata (3.8 kB)
Collecting async-timeout<6.0,>=4.0 (from aiohttp!=4.0.0a0,!=4.0.0a1->fsspec[http]<=2025.3.0,>=2023.1.0->datasets->-r /gpfs01/home/ppytr13/MLiS-Placement-Thesis-1/condaenv.jiszqlrm.requirements.txt (line 3))
  Using cached async_timeout-5.0.1-py3-none-any.whl.metadata (5.1 kB)
Collecting attrs>=17.3.0 (from aiohttp!=4.0.0a0,!=4.0.0a1->fsspec[http]<=2025.3.0,>=2023.1.0->datasets->-r /gpfs01/home/ppytr13/MLiS-Placement-Thesis-1/condaenv.jiszqlrm.requirements.txt (line 3))
  Using cached attrs-25.3.0-py3-none-any.whl.metadata (10 kB)
Collecting frozenlist>=1.1.1 (from aiohttp!=4.0.0a0,!=4.0.0a1->fsspec[http]<=2025.3.0,>=2023.1.0->datasets->-r /gpfs01/home/ppytr13/MLiS-Placement-Thesis-1/condaenv.jiszqlrm.requirements.txt (line 3))
  Using cached frozenlist-1.6.0-cp310-cp310-manylinux_2_5_x86_64.manylinux1_x86_64.manylinux_2_17_x86_64.manylinux2014_x86_64.whl.metadata (16 kB)
Collecting multidict<7.0,>=4.5 (from aiohttp!=4.0.0a0,!=4.0.0a1->fsspec[http]<=2025.3.0,>=2023.1.0->datasets->-r /gpfs01/home/ppytr13/MLiS-Placement-Thesis-1/condaenv.jiszqlrm.requirements.txt (line 3))
  Using cached multidict-6.4.4-cp310-cp310-manylinux_2_17_x86_64.manylinux2014_x86_64.whl.metadata (5.3 kB)
Collecting propcache>=0.2.0 (from aiohttp!=4.0.0a0,!=4.0.0a1->fsspec[http]<=2025.3.0,>=2023.1.0->datasets->-r /gpfs01/home/ppytr13/MLiS-Placement-Thesis-1/condaenv.jiszqlrm.requirements.txt (line 3))
  Using cached propcache-0.3.1-cp310-cp310-manylinux_2_17_x86_64.manylinux2014_x86_64.whl.metadata (10 kB)
Collecting yarl<2.0,>=1.17.0 (from aiohttp!=4.0.0a0,!=4.0.0a1->fsspec[http]<=2025.3.0,>=2023.1.0->datasets->-r /gpfs01/home/ppytr13/MLiS-Placement-Thesis-1/condaenv.jiszqlrm.requirements.txt (line 3))
  Using cached yarl-1.20.0-cp310-cp310-manylinux_2_17_x86_64.manylinux2014_x86_64.whl.metadata (72 kB)
Collecting idna>=2.0 (from yarl<2.0,>=1.17.0->aiohttp!=4.0.0a0,!=4.0.0a1->fsspec[http]<=2025.3.0,>=2023.1.0->datasets->-r /gpfs01/home/ppytr13/MLiS-Placement-Thesis-1/condaenv.jiszqlrm.requirements.txt (line 3))
  Using cached idna-3.10-py3-none-any.whl.metadata (10 kB)
Collecting charset-normalizer<4,>=2 (from requests->transformers->-r /gpfs01/home/ppytr13/MLiS-Placement-Thesis-1/condaenv.jiszqlrm.requirements.txt (line 2))
  Using cached charset_normalizer-3.4.2-cp310-cp310-manylinux_2_17_x86_64.manylinux2014_x86_64.whl.metadata (35 kB)
Collecting urllib3<3,>=1.21.1 (from requests->transformers->-r /gpfs01/home/ppytr13/MLiS-Placement-Thesis-1/condaenv.jiszqlrm.requirements.txt (line 2))
  Using cached urllib3-2.4.0-py3-none-any.whl.metadata (6.5 kB)
Collecting certifi>=2017.4.17 (from requests->transformers->-r /gpfs01/home/ppytr13/MLiS-Placement-Thesis-1/condaenv.jiszqlrm.requirements.txt (line 2))
  Using cached certifi-2025.4.26-py3-none-any.whl.metadata (2.5 kB)
Collecting mpmath<1.4,>=1.1.0 (from sympy>=1.13.3->torch->-r /gpfs01/home/ppytr13/MLiS-Placement-Thesis-1/condaenv.jiszqlrm.requirements.txt (line 1))
  Using cached mpmath-1.3.0-py3-none-any.whl.metadata (8.6 kB)
Collecting MarkupSafe>=2.0 (from jinja2->torch->-r /gpfs01/home/ppytr13/MLiS-Placement-Thesis-1/condaenv.jiszqlrm.requirements.txt (line 1))
  Using cached MarkupSafe-3.0.2-cp310-cp310-manylinux_2_17_x86_64.manylinux2014_x86_64.whl.metadata (4.0 kB)
Collecting python-dateutil>=2.8.2 (from pandas->datasets->-r /gpfs01/home/ppytr13/MLiS-Placement-Thesis-1/condaenv.jiszqlrm.requirements.txt (line 3))
  Using cached python_dateutil-2.9.0.post0-py2.py3-none-any.whl.metadata (8.4 kB)
Collecting pytz>=2020.1 (from pandas->datasets->-r /gpfs01/home/ppytr13/MLiS-Placement-Thesis-1/condaenv.jiszqlrm.requirements.txt (line 3))
  Using cached pytz-2025.2-py2.py3-none-any.whl.metadata (22 kB)
Collecting tzdata>=2022.7 (from pandas->datasets->-r /gpfs01/home/ppytr13/MLiS-Placement-Thesis-1/condaenv.jiszqlrm.requirements.txt (line 3))
  Using cached tzdata-2025.2-py2.py3-none-any.whl.metadata (1.4 kB)
Collecting six>=1.5 (from python-dateutil>=2.8.2->pandas->datasets->-r /gpfs01/home/ppytr13/MLiS-Placement-Thesis-1/condaenv.jiszqlrm.requirements.txt (line 3))
  Using cached six-1.17.0-py2.py3-none-any.whl.metadata (1.7 kB)
Using cached torch-2.7.0-cp310-cp310-manylinux_2_28_x86_64.whl (865.2 MB)
Using cached nvidia_cublas_cu12-12.6.4.1-py3-none-manylinux2014_x86_64.manylinux_2_17_x86_64.whl (393.1 MB)
Using cached nvidia_cuda_cupti_cu12-12.6.80-py3-none-manylinux2014_x86_64.manylinux_2_17_x86_64.whl (8.9 MB)
Using cached nvidia_cuda_nvrtc_cu12-12.6.77-py3-none-manylinux2014_x86_64.whl (23.7 MB)
Using cached nvidia_cuda_runtime_cu12-12.6.77-py3-none-manylinux2014_x86_64.manylinux_2_17_x86_64.whl (897 kB)
Using cached nvidia_cudnn_cu12-9.5.1.17-py3-none-manylinux_2_28_x86_64.whl (571.0 MB)
Using cached nvidia_cufft_cu12-11.3.0.4-py3-none-manylinux2014_x86_64.manylinux_2_17_x86_64.whl (200.2 MB)
Using cached nvidia_cufile_cu12-1.11.1.6-py3-none-manylinux2014_x86_64.manylinux_2_17_x86_64.whl (1.1 MB)
Using cached nvidia_curand_cu12-10.3.7.77-py3-none-manylinux2014_x86_64.manylinux_2_17_x86_64.whl (56.3 MB)
Using cached nvidia_cusolver_cu12-11.7.1.2-py3-none-manylinux2014_x86_64.manylinux_2_17_x86_64.whl (158.2 MB)
Using cached nvidia_cusparse_cu12-12.5.4.2-py3-none-manylinux2014_x86_64.manylinux_2_17_x86_64.whl (216.6 MB)
Using cached nvidia_cusparselt_cu12-0.6.3-py3-none-manylinux2014_x86_64.whl (156.8 MB)
Using cached nvidia_nccl_cu12-2.26.2-py3-none-manylinux2014_x86_64.manylinux_2_17_x86_64.whl (201.3 MB)
Using cached nvidia_nvjitlink_cu12-12.6.85-py3-none-manylinux2010_x86_64.manylinux_2_12_x86_64.whl (19.7 MB)
Using cached nvidia_nvtx_cu12-12.6.77-py3-none-manylinux2014_x86_64.manylinux_2_17_x86_64.whl (89 kB)
Using cached triton-3.3.0-cp310-cp310-manylinux_2_27_x86_64.manylinux_2_28_x86_64.whl (156.4 MB)
Downloading transformers-4.52.4-py3-none-any.whl (10.5 MB)
   ━━━━━━━━━━━━━━━━━━━━━━━━━━━━━━━━━━━━━━━━ 10.5/10.5 MB 100.5 MB/s eta 0:00:00
Downloading huggingface_hub-0.32.3-py3-none-any.whl (512 kB)
Using cached hf_xet-1.1.2-cp37-abi3-manylinux_2_17_x86_64.manylinux2014_x86_64.whl (5.2 MB)
Using cached tokenizers-0.21.1-cp39-abi3-manylinux_2_17_x86_64.manylinux2014_x86_64.whl (3.0 MB)
Using cached datasets-3.6.0-py3-none-any.whl (491 kB)
Using cached dill-0.3.8-py3-none-any.whl (116 kB)
Using cached fsspec-2025.3.0-py3-none-any.whl (193 kB)
Using cached multiprocess-0.70.16-py310-none-any.whl (134 kB)
Downloading aiohttp-3.12.6-cp310-cp310-manylinux_2_17_x86_64.manylinux2014_x86_64.whl (1.6 MB)
   ━━━━━━━━━━━━━━━━━━━━━━━━━━━━━━━━━━━━━━━━ 1.6/1.6 MB 110.0 MB/s eta 0:00:00
Using cached async_timeout-5.0.1-py3-none-any.whl (6.2 kB)
Using cached multidict-6.4.4-cp310-cp310-manylinux_2_17_x86_64.manylinux2014_x86_64.whl (219 kB)
Using cached yarl-1.20.0-cp310-cp310-manylinux_2_17_x86_64.manylinux2014_x86_64.whl (333 kB)
Using cached aiohappyeyeballs-2.6.1-py3-none-any.whl (15 kB)
Using cached aiosignal-1.3.2-py2.py3-none-any.whl (7.6 kB)
Using cached attrs-25.3.0-py3-none-any.whl (63 kB)
Using cached frozenlist-1.6.0-cp310-cp310-manylinux_2_5_x86_64.manylinux1_x86_64.manylinux_2_17_x86_64.manylinux2014_x86_64.whl (287 kB)
Using cached idna-3.10-py3-none-any.whl (70 kB)
Using cached packaging-25.0-py3-none-any.whl (66 kB)
Using cached propcache-0.3.1-cp310-cp310-manylinux_2_17_x86_64.manylinux2014_x86_64.whl (206 kB)
Using cached pyarrow-20.0.0-cp310-cp310-manylinux_2_28_x86_64.whl (42.3 MB)
Using cached PyYAML-6.0.2-cp310-cp310-manylinux_2_17_x86_64.manylinux2014_x86_64.whl (751 kB)
Using cached regex-2024.11.6-cp310-cp310-manylinux_2_17_x86_64.manylinux2014_x86_64.whl (781 kB)
Using cached requests-2.32.3-py3-none-any.whl (64 kB)
Using cached charset_normalizer-3.4.2-cp310-cp310-manylinux_2_17_x86_64.manylinux2014_x86_64.whl (149 kB)
Using cached urllib3-2.4.0-py3-none-any.whl (128 kB)
Using cached certifi-2025.4.26-py3-none-any.whl (159 kB)
Using cached safetensors-0.5.3-cp38-abi3-manylinux_2_17_x86_64.manylinux2014_x86_64.whl (471 kB)
Using cached sympy-1.14.0-py3-none-any.whl (6.3 MB)
Using cached mpmath-1.3.0-py3-none-any.whl (536 kB)
Using cached tqdm-4.67.1-py3-none-any.whl (78 kB)
Using cached typing_extensions-4.13.2-py3-none-any.whl (45 kB)
Using cached filelock-3.18.0-py3-none-any.whl (16 kB)
Using cached jinja2-3.1.6-py3-none-any.whl (134 kB)
Using cached MarkupSafe-3.0.2-cp310-cp310-manylinux_2_17_x86_64.manylinux2014_x86_64.whl (20 kB)
Using cached networkx-3.4.2-py3-none-any.whl (1.7 MB)
Using cached pandas-2.2.3-cp310-cp310-manylinux_2_17_x86_64.manylinux2014_x86_64.whl (13.1 MB)
Using cached python_dateutil-2.9.0.post0-py2.py3-none-any.whl (229 kB)
Using cached pytz-2025.2-py2.py3-none-any.whl (509 kB)
Using cached six-1.17.0-py2.py3-none-any.whl (11 kB)
Using cached tzdata-2025.2-py2.py3-none-any.whl (347 kB)
Using cached xxhash-3.5.0-cp310-cp310-manylinux_2_17_x86_64.manylinux2014_x86_64.whl (194 kB)
Installing collected packages: pytz, nvidia-cusparselt-cu12, mpmath, xxhash, urllib3, tzdata, typing-extensions, triton, tqdm, sympy, six, safetensors, regex, pyyaml, pyarrow, propcache, packaging, nvidia-nvtx-cu12, nvidia-nvjitlink-cu12, nvidia-nccl-cu12, nvidia-curand-cu12, nvidia-cufile-cu12, nvidia-cuda-runtime-cu12, nvidia-cuda-nvrtc-cu12, nvidia-cuda-cupti-cu12, nvidia-cublas-cu12, networkx, MarkupSafe, idna, hf-xet, fsspec, frozenlist, filelock, dill, charset-normalizer, certifi, attrs, async-timeout, aiohappyeyeballs, requests, python-dateutil, nvidia-cusparse-cu12, nvidia-cufft-cu12, nvidia-cudnn-cu12, multiprocess, multidict, jinja2, aiosignal, yarl, pandas, nvidia-cusolver-cu12, huggingface-hub, torch, tokenizers, aiohttp, transformers, datasets

Successfully installed MarkupSafe-3.0.2 aiohappyeyeballs-2.6.1 aiohttp-3.12.6 aiosignal-1.3.2 async-timeout-5.0.1 attrs-25.3.0 certifi-2025.4.26 charset-normalizer-3.4.2 datasets-3.6.0 dill-0.3.8 filelock-3.18.0 frozenlist-1.6.0 fsspec-2025.3.0 hf-xet-1.1.2 huggingface-hub-0.32.3 idna-3.10 jinja2-3.1.6 mpmath-1.3.0 multidict-6.4.4 multiprocess-0.70.16 networkx-3.4.2 nvidia-cublas-cu12-12.6.4.1 nvidia-cuda-cupti-cu12-12.6.80 nvidia-cuda-nvrtc-cu12-12.6.77 nvidia-cuda-runtime-cu12-12.6.77 nvidia-cudnn-cu12-9.5.1.17 nvidia-cufft-cu12-11.3.0.4 nvidia-cufile-cu12-1.11.1.6 nvidia-curand-cu12-10.3.7.77 nvidia-cusolver-cu12-11.7.1.2 nvidia-cusparse-cu12-12.5.4.2 nvidia-cusparselt-cu12-0.6.3 nvidia-nccl-cu12-2.26.2 nvidia-nvjitlink-cu12-12.6.85 nvidia-nvtx-cu12-12.6.77 packaging-25.0 pandas-2.2.3 propcache-0.3.1 pyarrow-20.0.0 python-dateutil-2.9.0.post0 pytz-2025.2 pyyaml-6.0.2 regex-2024.11.6 requests-2.32.3 safetensors-0.5.3 six-1.17.0 sympy-1.14.0 tokenizers-0.21.1 torch-2.7.0 tqdm-4.67.1 transformers-4.52.4 triton-3.3.0 typing-extensions-4.13.2 tzdata-2025.2 urllib3-2.4.0 xxhash-3.5.0 yarl-1.20.0

done
#
# To activate this environment, use
#
#     $ conda activate nlp
#
# To deactivate an active environment, use
#
#     $ conda deactivate

